<?xml version="1.0" encoding="UTF-8"?>
<!-- Generated by org.testng.reporters.JUnitXMLReporter -->
<testsuite hostname="Jagdish-PC" ignored="1" name="Test(failed)" tests="3" failures="1" timestamp="29 Jan 2018 12:33:18 GMT" time="215.271" errors="0">
  <testcase name="@BeforeMethod beforeMethod" time="6.338" classname="testNGPkg.TestNGEx">
    <failure type="org.openqa.selenium.WebDriverException" message="Target URL URL is not well-formed.
Command duration or timeout: 39 milliseconds
Build info: version: &amp;apos;2.53.1&amp;apos;, revision: &amp;apos;a36b8b1&amp;apos;, time: &amp;apos;2016-06-30 17:37:09&amp;apos;
System info: host: &amp;apos;Jagdish-PC&amp;apos;, ip: &amp;apos;192.168.70.1&amp;apos;, os.name: &amp;apos;Windows 10&amp;apos;, os.arch: &amp;apos;amd64&amp;apos;, os.version: &amp;apos;10.0&amp;apos;, java.version: &amp;apos;1.8.0_161&amp;apos;
Driver info: org.openqa.selenium.firefox.FirefoxDriver
Capabilities [{applicationCacheEnabled=true, rotatable=false, handlesAlerts=true, databaseEnabled=true, version=46.0, platform=WINDOWS, nativeEvents=false, acceptSslCerts=true, webStorageEnabled=true, locationContextEnabled=true, browserName=firefox, takesScreenshot=true, javascriptEnabled=true, cssSelectorsEnabled=true}]
Session ID: 864f46ad-885a-4482-817d-fa5c2d10fc25">
      <![CDATA[org.openqa.selenium.WebDriverException: Target URL URL is not well-formed.
Command duration or timeout: 39 milliseconds
Build info: version: '2.53.1', revision: 'a36b8b1', time: '2016-06-30 17:37:09'
System info: host: 'Jagdish-PC', ip: '192.168.70.1', os.name: 'Windows 10', os.arch: 'amd64', os.version: '10.0', java.version: '1.8.0_161'
Driver info: org.openqa.selenium.firefox.FirefoxDriver
Capabilities [{applicationCacheEnabled=true, rotatable=false, handlesAlerts=true, databaseEnabled=true, version=46.0, platform=WINDOWS, nativeEvents=false, acceptSslCerts=true, webStorageEnabled=true, locationContextEnabled=true, browserName=firefox, takesScreenshot=true, javascriptEnabled=true, cssSelectorsEnabled=true}]
Session ID: 864f46ad-885a-4482-817d-fa5c2d10fc25
	at org.openqa.selenium.remote.ErrorHandler.createThrowable(ErrorHandler.java:206)
	at org.openqa.selenium.remote.ErrorHandler.throwIfResponseFailed(ErrorHandler.java:158)
	at org.openqa.selenium.remote.RemoteWebDriver.execute(RemoteWebDriver.java:678)
	at org.openqa.selenium.remote.RemoteWebDriver.get(RemoteWebDriver.java:316)
	at testNGPkg.TestNGEx.beforeMethod(TestNGEx.java:39)
Caused by: org.openqa.selenium.WebDriverException: Target URL URL is not well-formed.
Build info: version: '2.53.1', revision: 'a36b8b1', time: '2016-06-30 17:37:09'
System info: host: 'Jagdish-PC', ip: '192.168.70.1', os.name: 'Windows 10', os.arch: 'amd64', os.version: '10.0', java.version: '1.8.0_161'
Driver info: driver.version: unknown
	at <anonymous class>.FirefoxDriver.prototype.get(file:///C:/Users/Welcome/AppData/Local/Temp/anonymous5041437499252340224webdriver-profile/extensions/fxdriver@googlecode.com/components/driver-component.js:10636)
	at <anonymous class>.DelayedCommand.prototype.executeInternal_/h(file:///C:/Users/Welcome/AppData/Local/Temp/anonymous5041437499252340224webdriver-profile/extensions/fxdriver@googlecode.com/components/command-processor.js:12661)
	at <anonymous class>.DelayedCommand.prototype.executeInternal_(file:///C:/Users/Welcome/AppData/Local/Temp/anonymous5041437499252340224webdriver-profile/extensions/fxdriver@googlecode.com/components/command-processor.js:12666)
	at <anonymous class>.DelayedCommand.prototype.execute/<(file:///C:/Users/Welcome/AppData/Local/Temp/anonymous5041437499252340224webdriver-profile/extensions/fxdriver@googlecode.com/components/command-processor.js:12608)
... Removed 31 stack frames]]>
    </failure>
  </testcase> <!-- @BeforeMethod beforeMethod -->
  <testcase name="@AfterMethod afterMethod" time="0.0" classname="testNGPkg.TestNGEx">
    <skipped/>
  </testcase> <!-- @AfterMethod afterMethod -->
  <testcase name="@AfterClass afterClass" time="0.0" classname="testNGPkg.TestNGEx">
    <skipped/>
  </testcase> <!-- @AfterClass afterClass -->
  <testcase name="@AfterTest afterTest" time="0.0" classname="testNGPkg.TestNGEx">
    <skipped/>
  </testcase> <!-- @AfterTest afterTest -->
  <testcase name="mainS" time="203.847" classname="testNGPkg.TestNGClass2"/>
  <testcase name="verifyTitle" time="0.016" classname="testNGPkg.TestNGEx2">
    <failure type="java.lang.AssertionError" message="expected [Register Page] but found [Register page]">
      <![CDATA[java.lang.AssertionError: expected [Register Page] but found [Register page]
	at testNGPkg.TestNGEx2.verifyTitle(TestNGEx2.java:41)
... Removed 31 stack frames]]>
    </failure>
  </testcase> <!-- verifyTitle -->
  <testcase name="verifyTitle" time="0.0" classname="testNGPkg.TestNGEx">
    <skipped/>
  </testcase> <!-- verifyTitle -->
  <testcase name="registrationForm1TC2" time="0.0" classname="testNGPkg.TestNGEx2">
    <ignored/>
  </testcase> <!-- registrationForm1TC2 -->
</testsuite> <!-- Test(failed) -->
