<?xml version="1.0" encoding="UTF-8"?>
<!-- Generated by org.testng.reporters.JUnitXMLReporter -->
<testsuite hostname="KD" name="Test" tests="1" failures="1" timestamp="17 Apr 2015 17:52:22 GMT" time="23.516" errors="0">
  <testcase name="test_Home_page" time="4.557" classname="pageObjects.test.TestCasesByTestNG">
    <failure type="java.lang.AssertionError" message="expected:&amp;lt;Password:&amp;gt; but was:&amp;lt;Password1:&amp;gt;">
      <![CDATA[java.lang.AssertionError: expected:<Password:> but was:<Password1:>
	at pageObjects.test.TestCasesByTestNG.test_Home_page(TestCasesByTestNG.java:35)
... Removed 26 stack frames]]>
    </failure>
  </testcase> <!-- test_Home_page -->
</testsuite> <!-- Test -->
